<?xml version="1.0" encoding="UTF-8"?>
<!-- Generated by org.testng.reporters.JUnitReportReporter -->
<testsuite hostname="DESKTOP-EDKEGH8" failures="0" tests="8" name="MyTestCases" time="0.762" errors="0" timestamp="2024-10-24T14:05:47 EET" skipped="7">
  <testcase classname="MyTestCases" name="RandomlyChangeTheLanguage" time="0.762"/>
  <system-out/>
  <testcase classname="MyTestCases" name="CheckContactNumber">
    <skipped/>
  </testcase> <!-- CheckContactNumber -->
  <system-out/>
  <testcase classname="MyTestCases" name="ChecktheEnglishLanguagIsDefault">
    <skipped/>
  </testcase> <!-- ChecktheEnglishLanguagIsDefault -->
  <system-out/>
  <testcase classname="MyTestCases" name="CheckDepatureDate">
    <skipped/>
  </testcase> <!-- CheckDepatureDate -->
  <system-out/>
  <testcase classname="MyTestCases" name="ChecktheDefaultCurrencyIsSAR">
    <skipped/>
  </testcase> <!-- ChecktheDefaultCurrencyIsSAR -->
  <system-out/>
  <testcase classname="MyTestCases" name="QitafLogoisDispalyed">
    <skipped/>
  </testcase> <!-- QitafLogoisDispalyed -->
  <system-out/>
  <testcase classname="MyTestCases" name="CheckReturnDate">
    <skipped/>
  </testcase> <!-- CheckReturnDate -->
  <system-out/>
  <testcase classname="MyTestCases" name="CheckHotelTabIsNotSelected">
    <skipped/>
  </testcase> <!-- CheckHotelTabIsNotSelected -->
  <system-out/>
</testsuite> <!-- MyTestCases -->
