<?xml version="1.0" encoding="UTF-8"?>
<!-- Generated by org.testng.reporters.JUnitReportReporter -->
<testsuite hostname="DESKTOP-EDKEGH8" failures="0" tests="4" name="MyTestCases" time="0.149" errors="0" timestamp="2024-10-23T12:26:14 EET" skipped="0">
  <testcase classname="MyTestCases" name="ChecktheEnglishLanguagIsDefault" time="0.047"/>
  <system-out/>
  <testcase classname="MyTestCases" name="ChecktheDefaultCurrencyIsSAR" time="0.043"/>
  <system-out/>
  <testcase classname="MyTestCases" name="CheckContactNumber" time="0.024"/>
  <system-out/>
  <testcase classname="MyTestCases" name="QitafLogoisDispalyed" time="0.035"/>
  <system-out/>
</testsuite> <!-- MyTestCases -->
